[debug] [2020-03-29T03:06:27.368Z] ----------------------------------------------------------------------
[debug] [2020-03-29T03:06:27.372Z] Command:       C:\Program Files\nodejs\node.exe C:\Users\kathir\AppData\Roaming\npm\node_modules\firebase-tools\lib\bin\firebase.js serve
[debug] [2020-03-29T03:06:27.372Z] CLI Version:   7.16.1
[debug] [2020-03-29T03:06:27.372Z] Platform:      win32
[debug] [2020-03-29T03:06:27.372Z] Node Version:  v12.11.1
[debug] [2020-03-29T03:06:27.374Z] Time:          Sun Mar 29 2020 08:36:27 GMT+0530 (India Standard Time)
[debug] [2020-03-29T03:06:27.374Z] ----------------------------------------------------------------------
[debug] [2020-03-29T03:06:27.374Z] 
[debug] [2020-03-29T03:06:27.386Z] > command requires scopes: ["email","openid","https://www.googleapis.com/auth/cloudplatformprojects.readonly","https://www.googleapis.com/auth/firebase","https://www.googleapis.com/auth/cloud-platform"]
[debug] [2020-03-29T03:06:27.387Z] > authorizing via signed-in user
[debug] [2020-03-29T03:06:27.387Z] [iam] checking project efarmer-08051998 for permissions ["firebase.projects.get"]
[debug] [2020-03-29T03:06:27.392Z] >>> HTTP REQUEST POST https://cloudresourcemanager.googleapis.com/v1/projects/efarmer-08051998:testIamPermissions  

[debug] [2020-03-29T03:06:28.956Z] <<< HTTP RESPONSE 200
[debug] [2020-03-29T03:06:28.962Z] >>> HTTP REQUEST GET https://firebase.googleapis.com/v1beta1/projects/efarmer-08051998  
 
[debug] [2020-03-29T03:06:29.752Z] <<< HTTP RESPONSE 200
[info] 
[info] === Serving from 'E:\Projects\React\react-firebase'...
[info] 
[debug] [2020-03-29T03:06:29.760Z] >>> HTTP REQUEST GET https://firebase.googleapis.com/v1beta1/projects/efarmer-08051998/webApps/-/config  
 
[debug] [2020-03-29T03:06:30.570Z] <<< HTTP RESPONSE 200
[info] i  hosting: Serving hosting files from: no
[info] +  hosting: Local server: http://localhost:5000
